0 silly input [ 'node',
0 silly input   '../../scripts/build.js',
0 silly input   '--suffix=.min',
0 silly input   '--env=production',
0 silly input   '--uglify=true' ]
1 silly flags { _: [ 'exec' ],
1 silly flags   command: 'node',
1 silly flags   args:
1 silly flags    [ '../../scripts/build.js',
1 silly flags      '--suffix=.min',
1 silly flags      '--env=production',
1 silly flags      '--uglify=true' ] }
2 verbose rootPath C:\Anthony\other\git\hypract
3 info version 2.1.2
4 silly existsSync C:\Anthony\other\git\hypract\VERSION
5 silly initialize attempt
6 silly initialize success
7 silly execute attempt
8 error exec Errored while executing 'node ../../scripts/build.js --suffix=.min --env=production --uglify=true' in 'hypract'
9 error execute Error: spawn node ENOENT
9 error execute     at notFoundError (C:\Anthony\other\git\hypract\node_modules\cross-spawn\lib\enoent.js:11:11)
9 error execute     at verifyENOENT (C:\Anthony\other\git\hypract\node_modules\cross-spawn\lib\enoent.js:46:16)
9 error execute     at ChildProcess.cp.emit (C:\Anthony\other\git\hypract\node_modules\cross-spawn\lib\enoent.js:33:19)
9 error execute     at Process.ChildProcess._handle.onexit (internal/child_process.js:215:12)
9 error execute  callback with error
9 error execute  { Error: spawn node ENOENT
9 error execute     at notFoundError (C:\Anthony\other\git\hypract\node_modules\cross-spawn\lib\enoent.js:11:11)
9 error execute     at verifyENOENT (C:\Anthony\other\git\hypract\node_modules\cross-spawn\lib\enoent.js:46:16)
9 error execute     at ChildProcess.cp.emit (C:\Anthony\other\git\hypract\node_modules\cross-spawn\lib\enoent.js:33:19)
9 error execute     at Process.ChildProcess._handle.onexit (internal/child_process.js:215:12)
9 error execute   stack: 'Error: spawn node ENOENT\n    at notFoundError (C:\\Anthony\\other\\git\\hypract\\node_modules\\cross-spawn\\lib\\enoent.js:11:11)\n    at verifyENOENT (C:\\Anthony\\other\\git\\hypract\\node_modules\\cross-spawn\\lib\\enoent.js:46:16)\n    at ChildProcess.cp.emit (C:\\Anthony\\other\\git\\hypract\\node_modules\\cross-spawn\\lib\\enoent.js:33:19)\n    at Process.ChildProcess._handle.onexit (internal/child_process.js:215:12)',
9 error execute   errno: 'ENOENT',
9 error execute   code: 'ENOENT',
9 error execute   syscall: 'spawn node',
9 error execute   killed: false,
9 error execute   stdout: null,
9 error execute   stderr: null,
9 error execute   failed: true,
9 error execute   signal: null,
9 error execute   cmd: 'node ../../scripts/build.js --suffix=.min --env=production --uglify=true',
9 error execute   timedOut: false }
